2021-10-08 16:47:49,156 — services — ERROR -set_restart_flag — near "*": syntax error
Traceback (most recent call last):
  File "/home/pi/smartpump/services/fcc/services.py", line 96, in set_restart_flag
    cur.execute(sql_query)
sqlite3.OperationalError: near "*": syntax error
2021-10-08 16:48:02,505 — __main__ — DEBUG -get_remote_price — **got into remote_price**
2021-10-08 16:48:04,308 — __main__ — DEBUG -get_remote_price — remote price_details is: None
2021-10-08 16:48:04,314 — services — DEBUG -get_due_unused_scheduled_price — due scheduled price exist: []
2021-10-08 16:48:05,757 — services — DEBUG -get_unuploaded_transactions — no data to upload
2021-10-08 16:52:00,358 — __main__ — DEBUG -get_remote_price — **got into remote_price**
2021-10-08 16:52:02,068 — services — DEBUG -get_unuploaded_transactions — no data to upload
2021-10-08 16:52:03,083 — __main__ — DEBUG -get_remote_price — remote price_details is: None
2021-10-08 16:52:03,091 — services — DEBUG -get_due_unused_scheduled_price — due scheduled price exist: []
2021-10-08 16:52:03,831 — __main__ — DEBUG -get_remote_price — **got into remote_price**
2021-10-08 16:52:05,612 — __main__ — DEBUG -get_remote_price — remote price_details is: None
2021-10-08 16:52:05,618 — services — DEBUG -get_due_unused_scheduled_price — due scheduled price exist: []
2021-10-08 16:52:05,772 — services — DEBUG -get_unuploaded_transactions — no data to upload
2021-10-08 16:52:06,439 — state_helper — DEBUG -parse_status — *** Nozzle 1 lifted up***
2021-10-08 16:52:06,598 — services — DEBUG -set_start_transaction_details — transaction start details inserted successfully
2021-10-08 16:52:07,984 — state_helper — DEBUG -parse_status — ***Transaction Ongoing on Nozzle  1***
2021-10-08 16:52:08,266 — state_helper — DEBUG -parse_status — ***Transaction Ongoing on Nozzle  1***
2021-10-08 16:52:08,545 — state_helper — DEBUG -parse_status — ***Transaction Ongoing on Nozzle  1***
2021-10-08 16:52:08,825 — state_helper — DEBUG -parse_status — ***Transaction Ongoing on Nozzle  1***
2021-10-08 16:52:09,104 — state_helper — DEBUG -parse_status — ***Transaction Ongoing on Nozzle  1***
2021-10-08 16:52:09,383 — state_helper — DEBUG -parse_status — ***Transaction Ongoing on Nozzle  1***
2021-10-08 16:52:09,662 — state_helper — DEBUG -parse_status — ***Transaction Ongoing on Nozzle  1***
2021-10-08 16:52:09,940 — state_helper — DEBUG -parse_status — ***Transaction Ongoing on Nozzle  1***
2021-10-08 16:52:10,220 — state_helper — DEBUG -parse_status — ***Transaction Ongoing on Nozzle  1***
2021-10-08 16:52:10,498 — state_helper — DEBUG -parse_status — ***Transaction Ongoing on Nozzle  1***
2021-10-08 16:52:10,777 — state_helper — DEBUG -parse_status — ***Transaction Ongoing on Nozzle  1***
2021-10-08 16:52:11,056 — state_helper — DEBUG -parse_status — ***Transaction Ongoing on Nozzle  1***
2021-10-08 16:52:11,335 — state_helper — DEBUG -parse_status — ***Transaction Ongoing on Nozzle  1***
2021-10-08 16:52:11,616 — state_helper — DEBUG -parse_status — ***Transaction Ongoing on Nozzle  1***
2021-10-08 16:52:11,897 — state_helper — DEBUG -parse_status — ***Transaction Ongoing on Nozzle  1***
2021-10-08 16:52:12,177 — state_helper — DEBUG -parse_status — ***Transaction Ongoing on Nozzle  1***
2021-10-08 16:52:12,458 — state_helper — DEBUG -parse_status — ***Transaction Ongoing on Nozzle  1***
2021-10-08 16:52:12,736 — state_helper — DEBUG -parse_status — ***Transaction Ongoing on Nozzle  1***
2021-10-08 16:52:13,015 — state_helper — DEBUG -parse_status — ***Transaction Ongoing on Nozzle  1***
2021-10-08 16:52:13,294 — state_helper — DEBUG -parse_status — ***Transaction Ongoing on Nozzle  1***
2021-10-08 16:52:13,572 — state_helper — DEBUG -parse_status — ***Transaction Ongoing on Nozzle  1***
2021-10-08 16:52:13,851 — state_helper — DEBUG -parse_status — ***Transaction Ongoing on Nozzle  1***
2021-10-08 16:52:14,131 — state_helper — DEBUG -parse_status — ***Transaction Ongoing on Nozzle  1***
2021-10-08 16:52:14,410 — state_helper — DEBUG -parse_status — ***Transaction Ongoing on Nozzle  1***
2021-10-08 16:52:14,688 — state_helper — DEBUG -parse_status — ***Transaction Ongoing on Nozzle  1***
2021-10-08 16:52:14,970 — state_helper — DEBUG -parse_status — ***Transaction Ongoing on Nozzle  1***
2021-10-08 16:52:15,249 — state_helper — DEBUG -parse_status — ***Transaction Ongoing on Nozzle  1***
2021-10-08 16:52:15,542 — state_helper — DEBUG -parse_status — ***Transaction Ongoing on Nozzle  1***
2021-10-08 16:52:15,822 — state_helper — DEBUG -parse_status — ***Transaction Ongoing on Nozzle  1***
2021-10-08 16:52:16,101 — state_helper — DEBUG -parse_status — ***Transaction Ongoing on Nozzle  1***
2021-10-08 16:52:16,382 — state_helper — DEBUG -parse_status — ***Transaction Ongoing on Nozzle  1***
2021-10-08 16:52:16,661 — state_helper — DEBUG -parse_status — ***Transaction Ongoing on Nozzle  1***
2021-10-08 16:52:16,941 — state_helper — DEBUG -parse_status — ***Transaction Ongoing on Nozzle  1***
2021-10-08 16:52:17,221 — state_helper — DEBUG -parse_status — ***Transaction Ongoing on Nozzle  1***
2021-10-08 16:52:17,500 — state_helper — DEBUG -parse_status — ***Transaction Ongoing on Nozzle  1***
2021-10-08 16:52:17,780 — state_helper — DEBUG -parse_status — ***Transaction Ongoing on Nozzle  1***
2021-10-08 16:52:18,060 — state_helper — DEBUG -parse_status — ***Transaction Ongoing on Nozzle  1***
2021-10-08 16:52:18,340 — state_helper — DEBUG -parse_status — ***Transaction Ongoing on Nozzle  1***
2021-10-08 16:52:18,619 — state_helper — DEBUG -parse_status — ***Transaction Ongoing on Nozzle  1***
2021-10-08 16:52:18,899 — state_helper — DEBUG -parse_status — ***Transaction Ongoing on Nozzle  1***
2021-10-08 16:52:19,179 — state_helper — DEBUG -parse_status — ***Transaction Ongoing on Nozzle  1***
2021-10-08 16:52:19,458 — state_helper — DEBUG -parse_status — ***Transaction Ongoing on Nozzle  1***
2021-10-08 16:52:19,738 — state_helper — DEBUG -parse_status — ***Transaction Ongoing on Nozzle  1***
2021-10-08 16:52:20,018 — state_helper — DEBUG -parse_status — ***Transaction Ongoing on Nozzle  1***
2021-10-08 16:52:20,297 — state_helper — DEBUG -parse_status — ***Transaction Ongoing on Nozzle  1***
2021-10-08 16:52:20,580 — state_helper — DEBUG -parse_status — ***Transaction Ongoing on Nozzle  1***
2021-10-08 16:52:20,866 — state_helper — DEBUG -parse_status — ***Transaction Ongoing on Nozzle  1***
2021-10-08 16:52:21,146 — state_helper — DEBUG -parse_status — ***Transaction Ongoing on Nozzle  1***
2021-10-08 16:52:21,425 — state_helper — DEBUG -parse_status — ***Transaction Ongoing on Nozzle  1***
2021-10-08 16:52:21,705 — state_helper — DEBUG -parse_status — ***Transaction ended on Nozzle  1***
2021-10-08 16:52:21,853 — state_helper — DEBUG -end_transaction_details — start totalizer is: 2385946.0 while current totalizer is: 2387338.0 at 2021-10-08 16:52:21
2021-10-08 16:52:21,855 — gvr_frontier — DEBUG -get_transaction_details — transaction details hex code sent is: 65
2021-10-08 16:52:21,998 — gvr_frontier — DEBUG -get_transaction_details — transaction details response is: b'\xff\xf3\xf8\xeb\xe0\xe0\xe0\xe0\xf6\xe0\xf4\xf7\xe0\xe2\xe6\xe1\xf9\xe0\xe2\xe9\xe3\xe1\xe0\xfa\xe0\xe5\xe5\xe2\xe2\xe0\xfb\xe6\xf0'
2021-10-08 16:52:22,000 — gvr_frontier — DEBUG -get_transaction_details — transaction details is: nozzle: 1 money: 22550.0 volume: 13920.0 ppu: 1620.0 read_at: 2021-10-08 16:52:22
2021-10-08 16:52:22,041 — services — DEBUG -set_end_transaction_details — transaction end details inserted successfully
2021-10-08 16:54:02,329 — __main__ — DEBUG -get_remote_price — **got into remote_price**
2021-10-08 16:54:04,097 — services — DEBUG -get_unuploaded_transactions — unuploaded transactions exists and are: [(19385, 'b8:27:eb:9a:58:af', 1, 2385946.0, 2387338.0, 25013035.0, 25035585.0, '2021-10-08 16:52:06', '2021-10-08 16:52:22', 13920.0, 1620.0, 22550.0, '2021-10-08 16:52:22', 0, 1, 3)]
2021-10-08 16:54:04,963 — remote_api_service — DEBUG -upload_transaction_log — data saved remotely
2021-10-08 16:54:04,988 — services — DEBUG -update_uploaded_transactions — uploaded data updated successfully
2021-10-08 16:54:05,058 — __main__ — DEBUG -get_remote_price — remote price_details is: None
2021-10-08 16:54:05,066 — services — DEBUG -get_due_unused_scheduled_price — due scheduled price exist: []
2021-10-08 16:56:02,558 — __main__ — DEBUG -get_remote_price — **got into remote_price**
2021-10-08 16:56:04,295 — services — DEBUG -get_unuploaded_transactions — no data to upload
2021-10-08 16:56:05,588 — __main__ — DEBUG -get_remote_price — remote price_details is: None
2021-10-08 16:56:05,596 — services — DEBUG -get_due_unused_scheduled_price — due scheduled price exist: []
2021-10-08 16:58:01,815 — __main__ — DEBUG -get_remote_price — **got into remote_price**
2021-10-08 16:58:03,606 — services — DEBUG -get_unuploaded_transactions — no data to upload
2021-10-08 16:58:04,916 — __main__ — DEBUG -get_remote_price — remote price_details is: None
2021-10-08 16:58:04,924 — services — DEBUG -get_due_unused_scheduled_price — due scheduled price exist: []
2021-10-08 16:59:39,648 — state_helper — DEBUG -parse_status — *** Nozzle 1 lifted up***
2021-10-08 16:59:39,818 — services — DEBUG -set_start_transaction_details — transaction start details inserted successfully
2021-10-08 16:59:41,208 — state_helper — DEBUG -parse_status — ***Transaction Ongoing on Nozzle  1***
2021-10-08 16:59:41,493 — state_helper — DEBUG -parse_status — ***Transaction Ongoing on Nozzle  1***
2021-10-08 16:59:41,772 — state_helper — DEBUG -parse_status — ***Transaction Ongoing on Nozzle  1***
2021-10-08 16:59:42,051 — state_helper — DEBUG -parse_status — ***Transaction Ongoing on Nozzle  1***
2021-10-08 16:59:42,331 — state_helper — DEBUG -parse_status — ***Transaction Ongoing on Nozzle  1***
2021-10-08 16:59:42,610 — state_helper — DEBUG -parse_status — ***Transaction Ongoing on Nozzle  1***
2021-10-08 16:59:42,890 — state_helper — DEBUG -parse_status — ***Transaction Ongoing on Nozzle  1***
2021-10-08 16:59:43,169 — state_helper — DEBUG -parse_status — ***Transaction Ongoing on Nozzle  1***
2021-10-08 16:59:43,457 — state_helper — DEBUG -parse_status — ***Transaction Ongoing on Nozzle  1***
2021-10-08 16:59:43,736 — state_helper — DEBUG -parse_status — ***Transaction Ongoing on Nozzle  1***
2021-10-08 16:59:44,014 — state_helper — DEBUG -parse_status — ***Transaction Ongoing on Nozzle  1***
2021-10-08 16:59:44,293 — state_helper — DEBUG -parse_status — ***Transaction Ongoing on Nozzle  1***
2021-10-08 16:59:44,571 — state_helper — DEBUG -parse_status — ***Transaction Ongoing on Nozzle  1***
2021-10-08 16:59:44,850 — state_helper — DEBUG -parse_status — ***Transaction Ongoing on Nozzle  1***
2021-10-08 16:59:45,128 — state_helper — DEBUG -parse_status — ***Transaction Ongoing on Nozzle  1***
2021-10-08 16:59:45,407 — state_helper — DEBUG -parse_status — ***Transaction Ongoing on Nozzle  1***
2021-10-08 16:59:45,685 — state_helper — DEBUG -parse_status — ***Transaction Ongoing on Nozzle  1***
2021-10-08 16:59:45,964 — state_helper — DEBUG -parse_status — ***Transaction Ongoing on Nozzle  1***
2021-10-08 16:59:46,251 — state_helper — DEBUG -parse_status — ***Transaction Ongoing on Nozzle  1***
2021-10-08 16:59:46,531 — state_helper — DEBUG -parse_status — ***Transaction Ongoing on Nozzle  1***
2021-10-08 16:59:46,809 — state_helper — DEBUG -parse_status — ***Transaction Ongoing on Nozzle  1***
2021-10-08 16:59:47,088 — state_helper — DEBUG -parse_status — ***Transaction Ongoing on Nozzle  1***
2021-10-08 16:59:47,367 — state_helper — DEBUG -parse_status — ***Transaction Ongoing on Nozzle  1***
2021-10-08 16:59:47,645 — state_helper — DEBUG -parse_status — ***Transaction Ongoing on Nozzle  1***
2021-10-08 16:59:47,925 — state_helper — DEBUG -parse_status — ***Transaction Ongoing on Nozzle  1***
2021-10-08 16:59:48,203 — state_helper — DEBUG -parse_status — ***Transaction Ongoing on Nozzle  1***
2021-10-08 16:59:48,482 — state_helper — DEBUG -parse_status — ***Transaction Ongoing on Nozzle  1***
2021-10-08 16:59:48,769 — state_helper — DEBUG -parse_status — ***Transaction Ongoing on Nozzle  1***
2021-10-08 16:59:49,047 — state_helper — DEBUG -parse_status — ***Transaction Ongoing on Nozzle  1***
2021-10-08 16:59:49,326 — state_helper — DEBUG -parse_status — ***Transaction Ongoing on Nozzle  1***
2021-10-08 16:59:49,604 — state_helper — DEBUG -parse_status — ***Transaction Ongoing on Nozzle  1***
2021-10-08 16:59:49,883 — state_helper — DEBUG -parse_status — ***Transaction Ongoing on Nozzle  1***
2021-10-08 16:59:50,161 — state_helper — DEBUG -parse_status — ***Transaction Ongoing on Nozzle  1***
2021-10-08 16:59:50,440 — state_helper — DEBUG -parse_status — ***Transaction Ongoing on Nozzle  1***
2021-10-08 16:59:50,718 — state_helper — DEBUG -parse_status — ***Transaction Ongoing on Nozzle  1***
2021-10-08 16:59:50,997 — state_helper — DEBUG -parse_status — ***Transaction Ongoing on Nozzle  1***
2021-10-08 16:59:51,276 — state_helper — DEBUG -parse_status — ***Transaction Ongoing on Nozzle  1***
2021-10-08 16:59:51,554 — state_helper — DEBUG -parse_status — ***Transaction Ongoing on Nozzle  1***
2021-10-08 16:59:51,836 — state_helper — DEBUG -parse_status — ***Transaction Ongoing on Nozzle  1***
2021-10-08 16:59:52,115 — state_helper — DEBUG -parse_status — ***Transaction Ongoing on Nozzle  1***
2021-10-08 16:59:52,394 — state_helper — DEBUG -parse_status — ***Transaction Ongoing on Nozzle  1***
2021-10-08 16:59:52,672 — state_helper — DEBUG -parse_status — ***Transaction Ongoing on Nozzle  1***
2021-10-08 16:59:52,951 — state_helper — DEBUG -parse_status — ***Transaction Ongoing on Nozzle  1***
2021-10-08 16:59:53,229 — state_helper — DEBUG -parse_status — ***Transaction Ongoing on Nozzle  1***
2021-10-08 16:59:53,508 — state_helper — DEBUG -parse_status — ***Transaction Ongoing on Nozzle  1***
2021-10-08 16:59:53,786 — state_helper — DEBUG -parse_status — ***Transaction Ongoing on Nozzle  1***
2021-10-08 16:59:54,065 — state_helper — DEBUG -parse_status — ***Transaction Ongoing on Nozzle  1***
2021-10-08 16:59:54,344 — state_helper — DEBUG -parse_status — ***Transaction Ongoing on Nozzle  1***
2021-10-08 16:59:54,622 — state_helper — DEBUG -parse_status — ***Transaction Ongoing on Nozzle  1***
2021-10-08 16:59:54,901 — state_helper — DEBUG -parse_status — ***Transaction Ongoing on Nozzle  1***
2021-10-08 16:59:55,179 — state_helper — DEBUG -parse_status — ***Transaction Ongoing on Nozzle  1***
2021-10-08 16:59:55,462 — state_helper — DEBUG -parse_status — ***Transaction Ongoing on Nozzle  1***
2021-10-08 16:59:55,740 — state_helper — DEBUG -parse_status — ***Transaction Ongoing on Nozzle  1***
2021-10-08 16:59:56,018 — state_helper — DEBUG -parse_status — ***Transaction Ongoing on Nozzle  1***
2021-10-08 16:59:56,297 — state_helper — DEBUG -parse_status — ***Transaction Ongoing on Nozzle  1***
2021-10-08 16:59:56,575 — state_helper — DEBUG -parse_status — ***Transaction Ongoing on Nozzle  1***
2021-10-08 16:59:56,854 — state_helper — DEBUG -parse_status — ***Transaction Ongoing on Nozzle  1***
2021-10-08 16:59:57,141 — state_helper — DEBUG -parse_status — ***Transaction Ongoing on Nozzle  1***
2021-10-08 16:59:57,420 — state_helper — DEBUG -parse_status — ***Transaction Ongoing on Nozzle  1***
2021-10-08 16:59:57,699 — state_helper — DEBUG -parse_status — ***Transaction Ongoing on Nozzle  1***
2021-10-08 16:59:57,977 — state_helper — DEBUG -parse_status — ***Transaction Ongoing on Nozzle  1***
2021-10-08 16:59:58,256 — state_helper — DEBUG -parse_status — ***Transaction Ongoing on Nozzle  1***
2021-10-08 16:59:58,534 — state_helper — DEBUG -parse_status — ***Transaction ended on Nozzle  1***
2021-10-08 16:59:58,681 — state_helper — DEBUG -end_transaction_details — start totalizer is: 2387338.0 while current totalizer is: 2389328.0 at 2021-10-08 16:59:58
2021-10-08 16:59:58,682 — gvr_frontier — DEBUG -get_transaction_details — transaction details hex code sent is: 65
2021-10-08 16:59:58,824 — gvr_frontier — DEBUG -get_transaction_details — transaction details response is: b'\xff\xf3\xf8\xeb\xe0\xe0\xe0\xe0\xf6\xe0\xf4\xf7\xe0\xe2\xe6\xe1\xf9\xe0\xe0\xe9\xe9\xe1\xe0\xfa\xe8\xe3\xe2\xe2\xe3\xe0\xfb\xee\xf0'
2021-10-08 16:59:58,826 — gvr_frontier — DEBUG -get_transaction_details — transaction details is: nozzle: 1 money: 32238.0 volume: 19900.0 ppu: 1620.0 read_at: 2021-10-08 16:59:58
2021-10-08 16:59:58,857 — services — DEBUG -set_end_transaction_details — transaction end details inserted successfully
2021-10-08 17:00:02,721 — __main__ — DEBUG -get_remote_price — **got into remote_price**
2021-10-08 17:00:04,416 — services — DEBUG -get_unuploaded_transactions — unuploaded transactions exists and are: [(19386, 'b8:27:eb:9a:58:af', 1, 2387338.0, 2389328.0, 25035585.0, 25067823.0, '2021-10-08 16:59:39', '2021-10-08 16:59:58', 19900.0, 1620.0, 32238.0, '2021-10-08 16:59:58', 0, 1, 3)]
2021-10-08 17:00:04,812 — __main__ — DEBUG -get_remote_price — remote price_details is: None
2021-10-08 17:00:04,817 — services — DEBUG -get_due_unused_scheduled_price — due scheduled price exist: []
2021-10-08 17:00:05,255 — remote_api_service — DEBUG -upload_transaction_log — data saved remotely
2021-10-08 17:00:05,279 — services — DEBUG -update_uploaded_transactions — uploaded data updated successfully
2021-10-08 17:02:02,184 — __main__ — DEBUG -get_remote_price — **got into remote_price**
2021-10-08 17:02:03,823 — services — DEBUG -get_unuploaded_transactions — no data to upload
2021-10-08 17:02:04,005 — __main__ — DEBUG -get_remote_price — remote price_details is: None
2021-10-08 17:02:04,010 — services — DEBUG -get_due_unused_scheduled_price — due scheduled price exist: []
2021-10-08 17:04:01,604 — __main__ — DEBUG -get_remote_price — **got into remote_price**
2021-10-08 17:04:03,407 — services — DEBUG -get_unuploaded_transactions — no data to upload
2021-10-08 17:04:03,632 — __main__ — DEBUG -get_remote_price — remote price_details is: None
2021-10-08 17:04:03,637 — services — DEBUG -get_due_unused_scheduled_price — due scheduled price exist: []
2021-10-08 17:06:01,909 — __main__ — DEBUG -get_remote_price — **got into remote_price**
2021-10-08 17:06:03,752 — __main__ — DEBUG -get_remote_price — remote price_details is: None
2021-10-08 17:06:03,757 — services — DEBUG -get_due_unused_scheduled_price — due scheduled price exist: []
2021-10-08 17:06:03,758 — services — DEBUG -get_unuploaded_transactions — no data to upload
2021-10-08 17:08:02,023 — __main__ — DEBUG -get_remote_price — **got into remote_price**
2021-10-08 17:08:03,757 — __main__ — DEBUG -get_remote_price — remote price_details is: None
2021-10-08 17:08:03,762 — services — DEBUG -get_due_unused_scheduled_price — due scheduled price exist: []
2021-10-08 17:08:03,779 — services — DEBUG -get_unuploaded_transactions — no data to upload
2021-10-08 17:10:02,145 — __main__ — DEBUG -get_remote_price — **got into remote_price**
2021-10-08 17:10:03,946 — services — DEBUG -get_unuploaded_transactions — no data to upload
2021-10-08 17:10:04,299 — __main__ — DEBUG -get_remote_price — remote price_details is: None
2021-10-08 17:10:04,303 — services — DEBUG -get_due_unused_scheduled_price — due scheduled price exist: []
2021-10-08 17:12:02,449 — __main__ — DEBUG -get_remote_price — **got into remote_price**
2021-10-08 17:12:04,256 — __main__ — DEBUG -get_remote_price — remote price_details is: None
2021-10-08 17:12:04,262 — services — DEBUG -get_due_unused_scheduled_price — due scheduled price exist: []
2021-10-08 17:12:04,330 — services — DEBUG -get_unuploaded_transactions — no data to upload
2021-10-08 17:14:01,891 — __main__ — DEBUG -get_remote_price — **got into remote_price**
2021-10-08 17:14:03,621 — services — DEBUG -get_unuploaded_transactions — no data to upload
2021-10-08 17:14:03,637 — __main__ — DEBUG -get_remote_price — remote price_details is: None
2021-10-08 17:14:03,642 — services — DEBUG -get_due_unused_scheduled_price — due scheduled price exist: []
2021-10-08 17:16:01,868 — __main__ — DEBUG -get_remote_price — **got into remote_price**
2021-10-08 17:16:03,683 — __main__ — DEBUG -get_remote_price — remote price_details is: None
2021-10-08 17:16:03,686 — services — DEBUG -get_unuploaded_transactions — no data to upload
2021-10-08 17:16:03,688 — services — DEBUG -get_due_unused_scheduled_price — due scheduled price exist: []
2021-10-08 17:18:02,172 — __main__ — DEBUG -get_remote_price — **got into remote_price**
2021-10-08 17:18:03,914 — services — DEBUG -get_unuploaded_transactions — no data to upload
2021-10-08 17:18:04,007 — __main__ — DEBUG -get_remote_price — remote price_details is: None
2021-10-08 17:18:04,011 — services — DEBUG -get_due_unused_scheduled_price — due scheduled price exist: []
2021-10-08 17:20:02,428 — __main__ — DEBUG -get_remote_price — **got into remote_price**
2021-10-08 17:20:04,077 — services — DEBUG -get_unuploaded_transactions — no data to upload
2021-10-08 17:20:04,254 — __main__ — DEBUG -get_remote_price — remote price_details is: None
2021-10-08 17:20:04,259 — services — DEBUG -get_due_unused_scheduled_price — due scheduled price exist: []
2021-10-08 17:22:01,668 — __main__ — DEBUG -get_remote_price — **got into remote_price**
2021-10-08 17:22:03,459 — services — DEBUG -get_unuploaded_transactions — no data to upload
2021-10-08 17:22:03,879 — __main__ — DEBUG -get_remote_price — remote price_details is: None
2021-10-08 17:22:03,884 — services — DEBUG -get_due_unused_scheduled_price — due scheduled price exist: []
2021-10-08 17:24:02,545 — __main__ — DEBUG -get_remote_price — **got into remote_price**
2021-10-08 17:24:04,330 — __main__ — DEBUG -get_remote_price — remote price_details is: None
2021-10-08 17:24:04,335 — services — DEBUG -get_due_unused_scheduled_price — due scheduled price exist: []
2021-10-08 17:24:04,494 — services — DEBUG -get_unuploaded_transactions — no data to upload
2021-10-08 17:24:31,010 — state_helper — DEBUG -parse_status — *** Nozzle 1 lifted up***
2021-10-08 17:24:31,174 — services — DEBUG -set_start_transaction_details — transaction start details inserted successfully
2021-10-08 17:24:32,564 — state_helper — DEBUG -parse_status — ***Transaction Ongoing on Nozzle  1***
2021-10-08 17:24:32,843 — state_helper — DEBUG -parse_status — ***Transaction Ongoing on Nozzle  1***
2021-10-08 17:24:33,122 — state_helper — DEBUG -parse_status — ***Transaction Ongoing on Nozzle  1***
2021-10-08 17:24:33,400 — state_helper — DEBUG -parse_status — ***Transaction Ongoing on Nozzle  1***
2021-10-08 17:24:33,677 — state_helper — DEBUG -parse_status — ***Transaction Ongoing on Nozzle  1***
2021-10-08 17:24:33,959 — state_helper — DEBUG -parse_status — ***Transaction Ongoing on Nozzle  1***
2021-10-08 17:24:34,237 — state_helper — DEBUG -parse_status — ***Transaction Ongoing on Nozzle  1***
2021-10-08 17:24:34,515 — state_helper — DEBUG -parse_status — ***Transaction Ongoing on Nozzle  1***
2021-10-08 17:24:34,793 — state_helper — DEBUG -parse_status — ***Transaction Ongoing on Nozzle  1***
2021-10-08 17:24:35,071 — state_helper — DEBUG -parse_status — ***Transaction Ongoing on Nozzle  1***
2021-10-08 17:24:35,349 — state_helper — DEBUG -parse_status — ***Transaction Ongoing on Nozzle  1***
2021-10-08 17:24:35,628 — state_helper — DEBUG -parse_status — ***Transaction Ongoing on Nozzle  1***
2021-10-08 17:24:35,906 — state_helper — DEBUG -parse_status — ***Transaction Ongoing on Nozzle  1***
2021-10-08 17:24:36,185 — state_helper — DEBUG -parse_status — ***Transaction Ongoing on Nozzle  1***
2021-10-08 17:24:36,463 — state_helper — DEBUG -parse_status — ***Transaction Ongoing on Nozzle  1***
2021-10-08 17:24:36,741 — state_helper — DEBUG -parse_status — ***Transaction Ongoing on Nozzle  1***
2021-10-08 17:24:37,019 — state_helper — DEBUG -parse_status — ***Transaction Ongoing on Nozzle  1***
2021-10-08 17:24:37,297 — state_helper — DEBUG -parse_status — ***Transaction Ongoing on Nozzle  1***
2021-10-08 17:24:37,575 — state_helper — DEBUG -parse_status — ***Transaction Ongoing on Nozzle  1***
2021-10-08 17:24:37,854 — state_helper — DEBUG -parse_status — ***Transaction Ongoing on Nozzle  1***
2021-10-08 17:24:38,131 — state_helper — DEBUG -parse_status — ***Transaction Ongoing on Nozzle  1***
2021-10-08 17:24:38,408 — state_helper — DEBUG -parse_status — ***Transaction Ongoing on Nozzle  1***
2021-10-08 17:24:38,687 — state_helper — DEBUG -parse_status — ***Transaction Ongoing on Nozzle  1***
2021-10-08 17:24:38,964 — state_helper — DEBUG -parse_status — ***Transaction Ongoing on Nozzle  1***
2021-10-08 17:24:39,244 — state_helper — DEBUG -parse_status — ***Transaction Ongoing on Nozzle  1***
2021-10-08 17:24:39,520 — state_helper — DEBUG -parse_status — ***Transaction Ongoing on Nozzle  1***
2021-10-08 17:24:39,796 — state_helper — DEBUG -parse_status — ***Transaction Ongoing on Nozzle  1***
2021-10-08 17:24:40,071 — state_helper — DEBUG -parse_status — ***Transaction Ongoing on Nozzle  1***
2021-10-08 17:24:40,347 — state_helper — DEBUG -parse_status — ***Transaction Ongoing on Nozzle  1***
2021-10-08 17:24:40,623 — state_helper — DEBUG -parse_status — ***Transaction Ongoing on Nozzle  1***
2021-10-08 17:24:40,899 — state_helper — DEBUG -parse_status — ***Transaction Ongoing on Nozzle  1***
2021-10-08 17:24:41,176 — state_helper — DEBUG -parse_status — ***Transaction Ongoing on Nozzle  1***
2021-10-08 17:24:41,453 — state_helper — DEBUG -parse_status — ***Transaction Ongoing on Nozzle  1***
2021-10-08 17:24:41,729 — state_helper — DEBUG -parse_status — ***Transaction Ongoing on Nozzle  1***
2021-10-08 17:24:42,005 — state_helper — DEBUG -parse_status — ***Transaction Ongoing on Nozzle  1***
2021-10-08 17:24:42,291 — state_helper — DEBUG -parse_status — ***Transaction Ongoing on Nozzle  1***
2021-10-08 17:24:42,567 — state_helper — DEBUG -parse_status — ***Transaction Ongoing on Nozzle  1***
2021-10-08 17:24:42,843 — state_helper — DEBUG -parse_status — ***Transaction ended on Nozzle  1***
2021-10-08 17:24:42,988 — state_helper — DEBUG -end_transaction_details — start totalizer is: 2389328.0 while current totalizer is: 2390201.0 at 2021-10-08 17:24:42
2021-10-08 17:24:42,990 — gvr_frontier — DEBUG -get_transaction_details — transaction details hex code sent is: 65
2021-10-08 17:24:43,130 — gvr_frontier — DEBUG -get_transaction_details — transaction details response is: b'\xff\xf3\xf8\xeb\xe0\xe0\xe0\xe0\xf6\xe0\xf4\xf7\xe0\xe2\xe6\xe1\xf9\xe0\xe3\xe7\xe8\xe0\xe0\xfa\xe3\xe4\xe1\xe4\xe1\xe0\xfb\xe4\xf0'
2021-10-08 17:24:43,132 — gvr_frontier — DEBUG -get_transaction_details — transaction details is: nozzle: 1 money: 14143.0 volume: 8730.0 ppu: 1620.0 read_at: 2021-10-08 17:24:43
2021-10-08 17:24:43,173 — services — DEBUG -set_end_transaction_details — transaction end details inserted successfully
2021-10-08 17:24:45,877 — state_helper — DEBUG -parse_status — *** Nozzle 1 lifted up***
2021-10-08 17:24:46,036 — services — DEBUG -set_start_transaction_details — transaction start details inserted successfully
2021-10-08 17:24:47,422 — state_helper — DEBUG -parse_status — ***Transaction Ongoing on Nozzle  1***
2021-10-08 17:24:47,700 — state_helper — DEBUG -parse_status — ***Transaction Ongoing on Nozzle  1***
2021-10-08 17:24:47,975 — state_helper — DEBUG -parse_status — ***Transaction Ongoing on Nozzle  1***
2021-10-08 17:24:48,251 — state_helper — DEBUG -parse_status — ***Transaction Ongoing on Nozzle  1***
2021-10-08 17:24:48,528 — state_helper — DEBUG -parse_status — ***Transaction Ongoing on Nozzle  1***
2021-10-08 17:24:48,804 — state_helper — DEBUG -parse_status — ***Transaction Ongoing on Nozzle  1***
2021-10-08 17:24:49,079 — state_helper — DEBUG -parse_status — ***Transaction Ongoing on Nozzle  1***
2021-10-08 17:24:49,355 — state_helper — DEBUG -parse_status — ***Transaction Ongoing on Nozzle  1***
2021-10-08 17:24:49,632 — state_helper — DEBUG -parse_status — ***Transaction Ongoing on Nozzle  1***
2021-10-08 17:24:49,908 — state_helper — DEBUG -parse_status — ***Transaction Ongoing on Nozzle  1***
2021-10-08 17:24:50,184 — state_helper — DEBUG -parse_status — ***Transaction Ongoing on Nozzle  1***
2021-10-08 17:24:50,460 — state_helper — DEBUG -parse_status — ***Transaction Ongoing on Nozzle  1***
2021-10-08 17:24:50,736 — state_helper — DEBUG -parse_status — ***Transaction Ongoing on Nozzle  1***
2021-10-08 17:24:51,012 — state_helper — DEBUG -parse_status — ***Transaction Ongoing on Nozzle  1***
2021-10-08 17:24:51,289 — state_helper — DEBUG -parse_status — ***Transaction Ongoing on Nozzle  1***
2021-10-08 17:24:51,565 — state_helper — DEBUG -parse_status — ***Transaction Ongoing on Nozzle  1***
2021-10-08 17:24:51,841 — state_helper — DEBUG -parse_status — ***Transaction Ongoing on Nozzle  1***
2021-10-08 17:24:52,125 — state_helper — DEBUG -parse_status — ***Transaction Ongoing on Nozzle  1***
2021-10-08 17:24:52,402 — state_helper — DEBUG -parse_status — ***Transaction Ongoing on Nozzle  1***
2021-10-08 17:24:52,679 — state_helper — DEBUG -parse_status — ***Transaction Ongoing on Nozzle  1***
2021-10-08 17:24:52,955 — state_helper — DEBUG -parse_status — ***Transaction Ongoing on Nozzle  1***
2021-10-08 17:24:53,232 — state_helper — DEBUG -parse_status — ***Transaction Ongoing on Nozzle  1***
2021-10-08 17:24:53,509 — state_helper — DEBUG -parse_status — ***Transaction Ongoing on Nozzle  1***
2021-10-08 17:24:53,785 — state_helper — DEBUG -parse_status — ***Transaction Ongoing on Nozzle  1***
2021-10-08 17:24:54,062 — state_helper — DEBUG -parse_status — ***Transaction Ongoing on Nozzle  1***
2021-10-08 17:24:54,339 — state_helper — DEBUG -parse_status — ***Transaction Ongoing on Nozzle  1***
2021-10-08 17:24:54,616 — state_helper — DEBUG -parse_status — ***Transaction Ongoing on Nozzle  1***
2021-10-08 17:24:54,895 — state_helper — DEBUG -parse_status — ***Transaction Ongoing on Nozzle  1***
2021-10-08 17:24:55,172 — state_helper — DEBUG -parse_status — ***Transaction Ongoing on Nozzle  1***
2021-10-08 17:24:55,449 — state_helper — DEBUG -parse_status — ***Transaction Ongoing on Nozzle  1***
2021-10-08 17:24:55,727 — state_helper — DEBUG -parse_status — ***Transaction Ongoing on Nozzle  1***
2021-10-08 17:24:56,004 — state_helper — DEBUG -parse_status — ***Transaction Ongoing on Nozzle  1***
2021-10-08 17:24:56,282 — state_helper — DEBUG -parse_status — ***Transaction Ongoing on Nozzle  1***
2021-10-08 17:24:56,558 — state_helper — DEBUG -parse_status — ***Transaction Ongoing on Nozzle  1***
2021-10-08 17:24:56,833 — state_helper — DEBUG -parse_status — ***Transaction Ongoing on Nozzle  1***
2021-10-08 17:24:57,108 — state_helper — DEBUG -parse_status — ***Transaction Ongoing on Nozzle  1***
2021-10-08 17:24:57,383 — state_helper — DEBUG -parse_status — ***Transaction Ongoing on Nozzle  1***
2021-10-08 17:24:57,668 — state_helper — DEBUG -parse_status — ***Transaction Ongoing on Nozzle  1***
2021-10-08 17:24:57,944 — state_helper — DEBUG -parse_status — ***Transaction Ongoing on Nozzle  1***
2021-10-08 17:24:58,220 — state_helper — DEBUG -parse_status — ***Transaction Ongoing on Nozzle  1***
2021-10-08 17:24:58,496 — state_helper — DEBUG -parse_status — ***Transaction Ongoing on Nozzle  1***
2021-10-08 17:24:58,771 — state_helper — DEBUG -parse_status — ***Transaction Ongoing on Nozzle  1***
2021-10-08 17:24:59,047 — state_helper — DEBUG -parse_status — ***Transaction Ongoing on Nozzle  1***
2021-10-08 17:24:59,322 — state_helper — DEBUG -parse_status — ***Transaction Ongoing on Nozzle  1***
2021-10-08 17:24:59,598 — state_helper — DEBUG -parse_status — ***Transaction Ongoing on Nozzle  1***
2021-10-08 17:24:59,879 — state_helper — DEBUG -parse_status — ***Transaction Ongoing on Nozzle  1***
2021-10-08 17:25:00,157 — state_helper — DEBUG -parse_status — ***Transaction Ongoing on Nozzle  1***
2021-10-08 17:25:00,439 — state_helper — DEBUG -parse_status — ***Transaction Ongoing on Nozzle  1***
2021-10-08 17:25:00,717 — state_helper — DEBUG -parse_status — ***Transaction Ongoing on Nozzle  1***
2021-10-08 17:25:00,999 — state_helper — DEBUG -parse_status — ***Transaction ended on Nozzle  1***
2021-10-08 17:25:01,157 — state_helper — DEBUG -end_transaction_details — start totalizer is: 2390201.0 while current totalizer is: 2391593.0 at 2021-10-08 17:25:01
2021-10-08 17:25:01,159 — gvr_frontier — DEBUG -get_transaction_details — transaction details hex code sent is: 65
2021-10-08 17:25:01,296 — gvr_frontier — DEBUG -get_transaction_details — transaction details response is: b'\xff\xf3\xf8\xeb\xe0\xe0\xe0\xe0\xf6\xe0\xf4\xf7\xe0\xe2\xe6\xe1\xf9\xe0\xe2\xe9\xe3\xe1\xe0\xfa\xe0\xe5\xe5\xe2\xe2\xe0\xfb\xe6\xf0'
2021-10-08 17:25:01,299 — gvr_frontier — DEBUG -get_transaction_details — transaction details is: nozzle: 1 money: 22550.0 volume: 13920.0 ppu: 1620.0 read_at: 2021-10-08 17:25:01
2021-10-08 17:25:01,334 — services — DEBUG -set_end_transaction_details — transaction end details inserted successfully
2021-10-08 17:26:01,913 — __main__ — DEBUG -get_remote_price — **got into remote_price**
2021-10-08 17:26:03,800 — __main__ — DEBUG -get_remote_price — remote price_details is: None
2021-10-08 17:26:03,805 — services — DEBUG -get_due_unused_scheduled_price — due scheduled price exist: []
2021-10-08 17:26:03,823 — services — DEBUG -get_unuploaded_transactions — unuploaded transactions exists and are: [(19387, 'b8:27:eb:9a:58:af', 1, 2389328.0, 2390201.0, 25067823.0, 25081966.0, '2021-10-08 17:24:31', '2021-10-08 17:24:43', 8730.0, 1620.0, 14143.0, '2021-10-08 17:24:43', 0, 1, 3), (19388, 'b8:27:eb:9a:58:af', 1, 2390201.0, 2391593.0, 25081966.0, 25104516.0, '2021-10-08 17:24:46', '2021-10-08 17:25:01', 13920.0, 1620.0, 22550.0, '2021-10-08 17:25:01', 0, 1, 3)]
2021-10-08 17:26:04,741 — remote_api_service — DEBUG -upload_transaction_log — data saved remotely
2021-10-08 17:26:04,766 — services — DEBUG -update_uploaded_transactions — uploaded data updated successfully
2021-10-08 17:27:14,135 — state_helper — DEBUG -parse_status — *** Nozzle 1 lifted up***
2021-10-08 17:27:14,292 — services — DEBUG -set_start_transaction_details — transaction start details inserted successfully
2021-10-08 17:27:15,681 — state_helper — DEBUG -parse_status — ***Transaction Ongoing on Nozzle  1***
2021-10-08 17:27:15,958 — state_helper — DEBUG -parse_status — ***Transaction Ongoing on Nozzle  1***
2021-10-08 17:27:16,234 — state_helper — DEBUG -parse_status — ***Transaction Ongoing on Nozzle  1***
2021-10-08 17:27:16,510 — state_helper — DEBUG -parse_status — ***Transaction Ongoing on Nozzle  1***
2021-10-08 17:27:16,787 — state_helper — DEBUG -parse_status — ***Transaction Ongoing on Nozzle  1***
2021-10-08 17:27:17,082 — state_helper — DEBUG -parse_status — ***Transaction Ongoing on Nozzle  1***
2021-10-08 17:27:17,353 — state_helper — DEBUG -parse_status — ***Transaction Ongoing on Nozzle  1***
2021-10-08 17:27:17,625 — state_helper — DEBUG -parse_status — ***Transaction Ongoing on Nozzle  1***
2021-10-08 17:27:17,904 — state_helper — DEBUG -parse_status — ***Transaction Ongoing on Nozzle  1***
2021-10-08 17:27:18,181 — state_helper — DEBUG -parse_status — ***Transaction Ongoing on Nozzle  1***
2021-10-08 17:27:18,458 — state_helper — DEBUG -parse_status — ***Transaction Ongoing on Nozzle  1***
2021-10-08 17:27:18,736 — state_helper — DEBUG -parse_status — ***Transaction Ongoing on Nozzle  1***
2021-10-08 17:27:19,012 — state_helper — DEBUG -parse_status — ***Transaction Ongoing on Nozzle  1***
2021-10-08 17:27:19,299 — state_helper — DEBUG -parse_status — ***Transaction Ongoing on Nozzle  1***
2021-10-08 17:27:19,574 — state_helper — DEBUG -parse_status — ***Transaction Ongoing on Nozzle  1***
2021-10-08 17:27:19,860 — state_helper — DEBUG -parse_status — ***Transaction Ongoing on Nozzle  1***
2021-10-08 17:27:20,138 — state_helper — DEBUG -parse_status — ***Transaction Ongoing on Nozzle  1***
2021-10-08 17:27:20,416 — state_helper — DEBUG -parse_status — ***Transaction Ongoing on Nozzle  1***
2021-10-08 17:27:20,695 — state_helper — DEBUG -parse_status — ***Transaction Ongoing on Nozzle  1***
2021-10-08 17:27:20,969 — state_helper — DEBUG -parse_status — ***Transaction Ongoing on Nozzle  1***
2021-10-08 17:27:21,240 — state_helper — DEBUG -parse_status — ***Transaction Ongoing on Nozzle  1***
2021-10-08 17:27:21,513 — state_helper — DEBUG -parse_status — ***Transaction Ongoing on Nozzle  1***
2021-10-08 17:27:21,792 — state_helper — DEBUG -parse_status — ***Transaction Ongoing on Nozzle  1***
2021-10-08 17:27:22,070 — state_helper — DEBUG -parse_status — ***Transaction Ongoing on Nozzle  1***
2021-10-08 17:27:22,348 — state_helper — DEBUG -parse_status — ***Transaction Ongoing on Nozzle  1***
2021-10-08 17:27:22,624 — state_helper — DEBUG -parse_status — ***Transaction Ongoing on Nozzle  1***
2021-10-08 17:27:22,902 — state_helper — DEBUG -parse_status — ***Transaction Ongoing on Nozzle  1***
2021-10-08 17:27:23,179 — state_helper — DEBUG -parse_status — ***Transaction Ongoing on Nozzle  1***
2021-10-08 17:27:23,456 — state_helper — DEBUG -parse_status — ***Transaction Ongoing on Nozzle  1***
2021-10-08 17:27:23,733 — state_helper — DEBUG -parse_status — ***Transaction Ongoing on Nozzle  1***
2021-10-08 17:27:24,010 — state_helper — DEBUG -parse_status — ***Transaction Ongoing on Nozzle  1***
2021-10-08 17:27:24,288 — state_helper — DEBUG -parse_status — ***Transaction Ongoing on Nozzle  1***
2021-10-08 17:27:24,565 — state_helper — DEBUG -parse_status — ***Transaction Ongoing on Nozzle  1***
2021-10-08 17:27:24,842 — state_helper — DEBUG -parse_status — ***Transaction Ongoing on Nozzle  1***
2021-10-08 17:27:25,119 — state_helper — DEBUG -parse_status — ***Transaction Ongoing on Nozzle  1***
2021-10-08 17:27:25,399 — state_helper — DEBUG -parse_status — ***Transaction Ongoing on Nozzle  1***
2021-10-08 17:27:25,676 — state_helper — DEBUG -parse_status — ***Transaction Ongoing on Nozzle  1***
2021-10-08 17:27:25,953 — state_helper — DEBUG -parse_status — ***Transaction Ongoing on Nozzle  1***
2021-10-08 17:27:26,230 — state_helper — DEBUG -parse_status — ***Transaction Ongoing on Nozzle  1***
2021-10-08 17:27:26,507 — state_helper — DEBUG -parse_status — ***Transaction Ongoing on Nozzle  1***
2021-10-08 17:27:26,784 — state_helper — DEBUG -parse_status — ***Transaction Ongoing on Nozzle  1***
2021-10-08 17:27:27,060 — state_helper — DEBUG -parse_status — ***Transaction Ongoing on Nozzle  1***
2021-10-08 17:27:27,337 — state_helper — DEBUG -parse_status — ***Transaction Ongoing on Nozzle  1***
2021-10-08 17:27:27,615 — state_helper — DEBUG -parse_status — ***Transaction Ongoing on Nozzle  1***
2021-10-08 17:27:27,893 — state_helper — DEBUG -parse_status — ***Transaction Ongoing on Nozzle  1***
2021-10-08 17:27:28,173 — state_helper — DEBUG -parse_status — ***Transaction Ongoing on Nozzle  1***
2021-10-08 17:27:28,453 — state_helper — DEBUG -parse_status — ***Transaction Ongoing on Nozzle  1***
2021-10-08 17:27:28,731 — state_helper — DEBUG -parse_status — ***Transaction Ongoing on Nozzle  1***
2021-10-08 17:27:29,011 — state_helper — DEBUG -parse_status — ***Transaction Ongoing on Nozzle  1***
2021-10-08 17:27:29,289 — state_helper — DEBUG -parse_status — ***Transaction Ongoing on Nozzle  1***
2021-10-08 17:27:29,566 — state_helper — DEBUG -parse_status — ***Transaction Ongoing on Nozzle  1***
2021-10-08 17:27:29,844 — state_helper — DEBUG -parse_status — ***Transaction Ongoing on Nozzle  1***
2021-10-08 17:27:30,123 — state_helper — DEBUG -parse_status — ***Transaction Ongoing on Nozzle  1***
2021-10-08 17:27:30,401 — state_helper — DEBUG -parse_status — ***Transaction Ongoing on Nozzle  1***
2021-10-08 17:27:30,679 — state_helper — DEBUG -parse_status — ***Transaction Ongoing on Nozzle  1***
2021-10-08 17:27:30,957 — state_helper — DEBUG -parse_status — ***Transaction Ongoing on Nozzle  1***
2021-10-08 17:27:31,234 — state_helper — DEBUG -parse_status — ***Transaction Ongoing on Nozzle  1***
2021-10-08 17:27:31,511 — state_helper — DEBUG -parse_status — ***Transaction Ongoing on Nozzle  1***
2021-10-08 17:27:31,788 — state_helper — DEBUG -parse_status — ***Transaction Ongoing on Nozzle  1***
2021-10-08 17:27:32,065 — state_helper — DEBUG -parse_status — ***Transaction Ongoing on Nozzle  1***
2021-10-08 17:27:32,342 — state_helper — DEBUG -parse_status — ***Transaction Ongoing on Nozzle  1***
2021-10-08 17:27:32,619 — state_helper — DEBUG -parse_status — ***Transaction Ongoing on Nozzle  1***
2021-10-08 17:27:32,896 — state_helper — DEBUG -parse_status — ***Transaction Ongoing on Nozzle  1***
2021-10-08 17:27:33,173 — state_helper — DEBUG -parse_status — ***Transaction Ongoing on Nozzle  1***
2021-10-08 17:27:33,450 — state_helper — DEBUG -parse_status — ***Transaction Ongoing on Nozzle  1***
2021-10-08 17:27:33,742 — state_helper — DEBUG -parse_status — ***Transaction Ongoing on Nozzle  1***
2021-10-08 17:27:34,017 — state_helper — DEBUG -parse_status — ***Transaction Ongoing on Nozzle  1***
2021-10-08 17:27:34,293 — state_helper — DEBUG -parse_status — ***Transaction Ongoing on Nozzle  1***
2021-10-08 17:27:34,570 — state_helper — DEBUG -parse_status — ***Transaction Ongoing on Nozzle  1***
2021-10-08 17:27:34,848 — state_helper — DEBUG -parse_status — ***Transaction Ongoing on Nozzle  1***
2021-10-08 17:27:35,124 — state_helper — DEBUG -parse_status — ***Transaction Ongoing on Nozzle  1***
2021-10-08 17:27:35,401 — state_helper — DEBUG -parse_status — ***Transaction Ongoing on Nozzle  1***
2021-10-08 17:27:35,679 — state_helper — DEBUG -parse_status — ***Transaction Ongoing on Nozzle  1***
2021-10-08 17:27:35,955 — state_helper — DEBUG -parse_status — ***Transaction Ongoing on Nozzle  1***
2021-10-08 17:27:36,232 — state_helper — DEBUG -parse_status — ***Transaction Ongoing on Nozzle  1***
2021-10-08 17:27:36,509 — state_helper — DEBUG -parse_status — ***Transaction Ongoing on Nozzle  1***
2021-10-08 17:27:36,787 — state_helper — DEBUG -parse_status — ***Transaction Ongoing on Nozzle  1***
2021-10-08 17:27:37,064 — state_helper — DEBUG -parse_status — ***Transaction Ongoing on Nozzle  1***
2021-10-08 17:27:37,341 — state_helper — DEBUG -parse_status — ***Transaction Ongoing on Nozzle  1***
2021-10-08 17:27:37,618 — state_helper — DEBUG -parse_status — ***Transaction Ongoing on Nozzle  1***
2021-10-08 17:27:37,896 — state_helper — DEBUG -parse_status — ***Transaction Ongoing on Nozzle  1***
2021-10-08 17:27:38,172 — state_helper — DEBUG -parse_status — ***Transaction Ongoing on Nozzle  1***
2021-10-08 17:27:38,450 — state_helper — DEBUG -parse_status — ***Transaction Ongoing on Nozzle  1***
2021-10-08 17:27:38,727 — state_helper — DEBUG -parse_status — ***Transaction Ongoing on Nozzle  1***
2021-10-08 17:27:39,011 — state_helper — DEBUG -parse_status — ***Transaction Ongoing on Nozzle  1***
2021-10-08 17:27:39,288 — state_helper — DEBUG -parse_status — ***Transaction Ongoing on Nozzle  1***
2021-10-08 17:27:39,565 — state_helper — DEBUG -parse_status — ***Transaction Ongoing on Nozzle  1***
2021-10-08 17:27:39,842 — state_helper — DEBUG -parse_status — ***Transaction Ongoing on Nozzle  1***
2021-10-08 17:27:40,119 — state_helper — DEBUG -parse_status — ***Transaction Ongoing on Nozzle  1***
2021-10-08 17:27:40,396 — state_helper — DEBUG -parse_status — ***Transaction Ongoing on Nozzle  1***
2021-10-08 17:27:40,674 — state_helper — DEBUG -parse_status — ***Transaction Ongoing on Nozzle  1***
2021-10-08 17:27:40,951 — state_helper — DEBUG -parse_status — ***Transaction Ongoing on Nozzle  1***
2021-10-08 17:27:41,228 — state_helper — DEBUG -parse_status — ***Transaction Ongoing on Nozzle  1***
2021-10-08 17:27:41,505 — state_helper — DEBUG -parse_status — ***Transaction Ongoing on Nozzle  1***
2021-10-08 17:27:41,781 — state_helper — DEBUG -parse_status — ***Transaction Ongoing on Nozzle  1***
2021-10-08 17:27:42,061 — state_helper — DEBUG -parse_status — ***Transaction Ongoing on Nozzle  1***
2021-10-08 17:27:42,338 — state_helper — DEBUG -parse_status — ***Transaction Ongoing on Nozzle  1***
2021-10-08 17:27:42,615 — state_helper — DEBUG -parse_status — ***Transaction Ongoing on Nozzle  1***
2021-10-08 17:27:42,892 — state_helper — DEBUG -parse_status — ***Transaction Ongoing on Nozzle  1***
2021-10-08 17:27:43,170 — state_helper — DEBUG -parse_status — ***Transaction Ongoing on Nozzle  1***
2021-10-08 17:27:43,447 — state_helper — DEBUG -parse_status — ***Transaction Ongoing on Nozzle  1***
2021-10-08 17:27:43,724 — state_helper — DEBUG -parse_status — ***Transaction Ongoing on Nozzle  1***
2021-10-08 17:27:44,001 — state_helper — DEBUG -parse_status — ***Transaction Ongoing on Nozzle  1***
2021-10-08 17:27:44,278 — state_helper — DEBUG -parse_status — ***Transaction Ongoing on Nozzle  1***
2021-10-08 17:27:44,555 — state_helper — DEBUG -parse_status — ***Transaction Ongoing on Nozzle  1***
2021-10-08 17:27:44,832 — state_helper — DEBUG -parse_status — ***Transaction Ongoing on Nozzle  1***
2021-10-08 17:27:45,109 — state_helper — DEBUG -parse_status — ***Transaction Ongoing on Nozzle  1***
2021-10-08 17:27:45,386 — state_helper — DEBUG -parse_status — ***Transaction Ongoing on Nozzle  1***
2021-10-08 17:27:45,662 — state_helper — DEBUG -parse_status — ***Transaction ended on Nozzle  1***
2021-10-08 17:27:45,809 — state_helper — DEBUG -end_transaction_details — start totalizer is: 2391593.0 while current totalizer is: 2395563.0 at 2021-10-08 17:27:45
2021-10-08 17:27:45,810 — gvr_frontier — DEBUG -get_transaction_details — transaction details hex code sent is: 65
2021-10-08 17:27:45,952 — gvr_frontier — DEBUG -get_transaction_details — transaction details response is: b'\xff\xf3\xf8\xeb\xe0\xe0\xe0\xe0\xf6\xe0\xf4\xf7\xe0\xe2\xe6\xe1\xf9\xe0\xe0\xe7\xe9\xe3\xe0\xfa\xe4\xe1\xe3\xe4\xe6\xe0\xfb\xee\xf0'
2021-10-08 17:27:45,954 — gvr_frontier — DEBUG -get_transaction_details — transaction details is: nozzle: 1 money: 64314.0 volume: 39700.0 ppu: 1620.0 read_at: 2021-10-08 17:27:45
2021-10-08 17:27:45,980 — services — DEBUG -set_end_transaction_details — transaction end details inserted successfully
2021-10-08 17:28:02,485 — __main__ — DEBUG -get_remote_price — **got into remote_price**
2021-10-08 17:28:04,271 — services — DEBUG -get_unuploaded_transactions — unuploaded transactions exists and are: [(19389, 'b8:27:eb:9a:58:af', 1, 2391593.0, 2395563.0, 25104516.0, 25168830.0, '2021-10-08 17:27:14', '2021-10-08 17:27:45', 39700.0, 1620.0, 64314.0, '2021-10-08 17:27:45', 0, 1, 3)]
2021-10-08 17:28:04,505 — __main__ — DEBUG -get_remote_price — remote price_details is: None
2021-10-08 17:28:04,510 — services — DEBUG -get_due_unused_scheduled_price — due scheduled price exist: []
2021-10-08 17:28:05,180 — remote_api_service — DEBUG -upload_transaction_log — data saved remotely
2021-10-08 17:28:05,206 — services — DEBUG -update_uploaded_transactions — uploaded data updated successfully
2021-10-08 17:30:02,272 — __main__ — DEBUG -get_remote_price — **got into remote_price**
2021-10-08 17:30:04,012 — __main__ — DEBUG -get_remote_price — remote price_details is: None
2021-10-08 17:30:04,016 — services — DEBUG -get_unuploaded_transactions — no data to upload
2021-10-08 17:30:04,019 — services — DEBUG -get_due_unused_scheduled_price — due scheduled price exist: []
2021-10-08 17:30:30,249 — state_helper — DEBUG -parse_status — *** Nozzle 1 lifted up***
2021-10-08 17:30:30,428 — services — DEBUG -set_start_transaction_details — transaction start details inserted successfully
2021-10-08 17:30:31,799 — state_helper — DEBUG -parse_status — ***Transaction Ongoing on Nozzle  1***
2021-10-08 17:30:32,076 — state_helper — DEBUG -parse_status — ***Transaction Ongoing on Nozzle  1***
2021-10-08 17:30:32,351 — state_helper — DEBUG -parse_status — ***Transaction Ongoing on Nozzle  1***
2021-10-08 17:30:32,627 — state_helper — DEBUG -parse_status — ***Transaction Ongoing on Nozzle  1***
2021-10-08 17:30:32,902 — state_helper — DEBUG -parse_status — ***Transaction Ongoing on Nozzle  1***
2021-10-08 17:30:33,178 — state_helper — DEBUG -parse_status — ***Transaction Ongoing on Nozzle  1***
2021-10-08 17:30:33,454 — state_helper — DEBUG -parse_status — ***Transaction Ongoing on Nozzle  1***
2021-10-08 17:30:33,730 — state_helper — DEBUG -parse_status — ***Transaction Ongoing on Nozzle  1***
2021-10-08 17:30:34,007 — state_helper — DEBUG -parse_status — ***Transaction Ongoing on Nozzle  1***
2021-10-08 17:30:34,285 — state_helper — DEBUG -parse_status — ***Transaction Ongoing on Nozzle  1***
2021-10-08 17:30:34,561 — state_helper — DEBUG -parse_status — ***Transaction Ongoing on Nozzle  1***
2021-10-08 17:30:34,841 — state_helper — DEBUG -parse_status — ***Transaction Ongoing on Nozzle  1***
2021-10-08 17:30:35,122 — state_helper — DEBUG -parse_status — ***Transaction Ongoing on Nozzle  1***
2021-10-08 17:30:35,400 — state_helper — DEBUG -parse_status — ***Transaction Ongoing on Nozzle  1***
2021-10-08 17:30:35,678 — state_helper — DEBUG -parse_status — ***Transaction Ongoing on Nozzle  1***
2021-10-08 17:30:35,955 — state_helper — DEBUG -parse_status — ***Transaction Ongoing on Nozzle  1***
2021-10-08 17:30:36,232 — state_helper — DEBUG -parse_status — ***Transaction Ongoing on Nozzle  1***
2021-10-08 17:30:36,509 — state_helper — DEBUG -parse_status — ***Transaction Ongoing on Nozzle  1***
2021-10-08 17:30:36,786 — state_helper — DEBUG -parse_status — ***Transaction Ongoing on Nozzle  1***
2021-10-08 17:30:37,063 — state_helper — DEBUG -parse_status — ***Transaction Ongoing on Nozzle  1***
                                                                                                                                                                                                                                                                                                                                                                                                                                                                                                                                                                                                                                                                                                                                                                                                                                                                                                                                                      2021-10-08 17:25:30,362 — services — ERROR -set_restart_flag — near "*": syntax error
Traceback (most recent call last):
  File "/home/pi/smartpump/services/fcc/services.py", line 96, in set_restart_flag
    cur.execute(sql_query)
sqlite3.OperationalError: near "*": syntax error
2021-10-08 17:25:52,425 — state_helper — DEBUG -parse_status — *** Nozzle 1 lifted up***
2021-10-08 17:25:52,598 — services — DEBUG -set_start_transaction_details — transaction start details inserted successfully
2021-10-08 17:25:53,981 — state_helper — DEBUG -parse_status — ***Transaction Ongoing on Nozzle  1***
2021-10-08 17:25:54,262 — state_helper — DEBUG -parse_status — ***Transaction Ongoing on Nozzle  1***
2021-10-08 17:25:54,542 — state_helper — DEBUG -parse_status — ***Transaction Ongoing on Nozzle  1***
2021-10-08 17:25:54,821 — state_helper — DEBUG -parse_status — ***Transaction Ongoing on Nozzle  1***
2021-10-08 17:25:55,101 — state_helper — DEBUG -parse_status — ***Transaction Ongoing on Nozzle  1***
2021-10-08 17:25:55,380 — state_helper — DEBUG -parse_status — ***Transaction Ongoing on Nozzle  1***
2021-10-08 17:25:55,660 — state_helper — DEBUG -parse_status — ***Transaction Ongoing on Nozzle  1***
2021-10-08 17:25:55,939 — state_helper — DEBUG -parse_status — ***Transaction Ongoing on Nozzle  1***
2021-10-08 17:25:56,219 — state_helper — DEBUG -parse_status — ***Transaction Ongoing on Nozzle  1***
2021-10-08 17:25:56,499 — state_helper — DEBUG -parse_status — ***Transaction Ongoing on Nozzle  1***
2021-10-08 17:25:56,779 — state_helper — DEBUG -parse_status — ***Transaction Ongoing on Nozzle  1***
2021-10-08 17:25:57,059 — state_helper — DEBUG -parse_status — ***Transaction Ongoing on Nozzle  1***
2021-10-08 17:25:57,339 — state_helper — DEBUG -parse_status — ***Transaction Ongoing on Nozzle  1***
2021-10-08 17:25:57,620 — state_helper — DEBUG -parse_status — ***Transaction Ongoing on Nozzle  1***
2021-10-08 17:25:57,894 — state_helper — DEBUG -parse_status — ***Transaction Ongoing on Nozzle  1***
2021-10-08 17:25:58,169 — state_helper — DEBUG -parse_status — ***Transaction Ongoing on Nozzle  1***
2021-10-08 17:25:58,448 — state_helper — DEBUG -parse_status — ***Transaction Ongoing on Nozzle  1***
2021-10-08 17:25:58,725 — state_helper — DEBUG -parse_status — ***Transaction Ongoing on Nozzle  1***
2021-10-08 17:25:58,998 — state_helper — DEBUG -parse_status — ***Transaction Ongoing on Nozzle  1***
2021-10-08 17:25:59,271 — state_helper — DEBUG -parse_status — ***Transaction Ongoing on Nozzle  1***
2021-10-08 17:25:59,548 — state_helper — DEBUG -parse_status — ***Transaction Ongoing on Nozzle  1***
2021-10-08 17:25:59,828 — state_helper — DEBUG -parse_status — ***Transaction Ongoing on Nozzle  1***
2021-10-08 17:26:00,107 — state_helper — DEBUG -parse_status — ***Transaction Ongoing on Nozzle  1***
2021-10-08 17:26:00,395 — state_helper — DEBUG -parse_status — ***Transaction Ongoing on Nozzle  1***
2021-10-08 17:26:00,670 — state_helper — DEBUG -parse_status — ***Transaction Ongoing on Nozzle  1***
2021-10-08 17:26:00,943 — state_helper — DEBUG -parse_status — ***Transaction Ongoing on Nozzle  1***
2021-10-08 17:26:01,217 — state_helper — DEBUG -parse_status — ***Transaction Ongoing on Nozzle  1***
2021-10-08 17:26:01,494 — state_helper — DEBUG -parse_status — ***Transaction Ongoing on Nozzle  1***
2021-10-08 17:26:01,768 — state_helper — DEBUG -parse_status — ***Transaction ended on Nozzle  1***
2021-10-08 17:26:01,908 — state_helper — DEBUG -end_transaction_details — start totalizer is: 2395996.0 while current totalizer is: 2396505.0 at 2021-10-08 17:26:01
2021-10-08 17:26:01,910 — gvr_frontier — DEBUG -get_transaction_details — transaction details hex code sent is: 65
2021-10-08 17:26:02,066 — gvr_frontier — DEBUG -get_transaction_details — transaction details response is: b'\xff\xf3\xf8\xeb\xe0\xe0\xe0\xe0\xf6\xe0\xf4\xf7\xe0\xe2\xe6\xe1\xf9\xe0\xe9\xe0\xe5\xe0\xe0\xfa\xe6\xe4\xe2\xe8\xe0\xe0\xfb\xe1\xf0'
2021-10-08 17:26:02,068 — gvr_frontier — DEBUG -get_transaction_details — transaction details is: nozzle: 1 money: 8246.0 volume: 5090.0 ppu: 1620.0 read_at: 2021-10-08 17:26:02
2021-10-08 17:26:02,103 — services — DEBUG -set_end_transaction_details — transaction end details inserted successfully
2021-10-08 17:32:49,613 — __main__ — DEBUG -get_remote_price — **got into remote_price**
2021-10-08 17:32:52,280 — services — DEBUG -get_unuploaded_transactions — unuploaded transactions exists and are: [(19390, 'b8:27:eb:9a:58:af', 1, 2395563.0, 2395996.0, 25168830.0, 25175845.0, '2021-10-08 17:30:30', '2021-10-08 17:30:39', 4330.0, 1620.0, 7015.0, '2021-10-08 17:30:39', 0, 1, 3), (19391, 'b8:27:eb:9a:58:af', 1, 2395996.0, 2396505.0, 25175845.0, 25184091.0, '2021-10-08 17:25:52', '2021-10-08 17:26:02', 5090.0, 1620.0, 8246.0, '2021-10-08 17:26:02', 0, 1, 3)]
2021-10-08 17:32:56,620 — __main__ — DEBUG -get_remote_price — remote price_details is: None
2021-10-08 17:32:56,628 — services — DEBUG -get_due_unused_scheduled_price — due scheduled price exist: []
2021-10-08 17:32:57,349 — __main__ — DEBUG -get_remote_price — **got into remote_price**
2021-10-08 17:32:58,266 — remote_api_service — DEBUG -upload_transaction_log — data saved remotely
2021-10-08 17:32:58,288 — services — DEBUG -update_uploaded_transactions — uploaded data updated successfully
2021-10-08 17:32:59,330 — __main__ — DEBUG -get_remote_price — remote price_details is: None
2021-10-08 17:32:59,335 — services — DEBUG -get_due_unused_scheduled_price — due scheduled price exist: []
2021-10-08 17:32:59,567 — services — DEBUG -get_unuploaded_transactions — no data to upload
2021-10-08 17:34:02,205 — __main__ — DEBUG -get_remote_price — **got into remote_price**
2021-10-08 17:34:03,973 — services — DEBUG -get_unuploaded_transactions — no data to upload
2021-10-08 17:34:04,330 — __main__ — DEBUG -get_remote_price — remote price_details is: None
2021-10-08 17:34:04,334 — services — DEBUG -get_due_unused_scheduled_price — due scheduled price exist: []
2021-10-08 17:36:02,550 — __main__ — DEBUG -get_remote_price — **got into remote_price**
2021-10-08 17:36:04,265 — __main__ — DEBUG -get_remote_price — remote price_details is: None
2021-10-08 17:36:04,270 — services — DEBUG -get_due_unused_scheduled_price — due scheduled price exist: []
2021-10-08 17:36:04,283 — services — DEBUG -get_unuploaded_transactions — no data to upload
2021-10-08 17:38:01,969 — __main__ — DEBUG -get_remote_price — **got into remote_price**
2021-10-08 17:38:03,772 — services — DEBUG -get_unuploaded_transactions — no data to upload
2021-10-08 17:38:03,773 — __main__ — DEBUG -get_remote_price — remote price_details is: None
2021-10-08 17:38:03,778 — services — DEBUG -get_due_unused_scheduled_price — due scheduled price exist: []
2021-10-08 17:40:02,478 — __main__ — DEBUG -get_remote_price — **got into remote_price**
2021-10-08 17:40:04,166 — __main__ — DEBUG -get_remote_price — remote price_details is: None
2021-10-08 17:40:04,171 — services — DEBUG -get_due_unused_scheduled_price — due scheduled price exist: []
2021-10-08 17:40:04,599 — services — DEBUG -get_unuploaded_transactions — no data to upload
2021-10-08 17:40:09,875 — state_helper — DEBUG -parse_status — *** Nozzle 1 lifted up***
2021-10-08 17:40:10,035 — services — DEBUG -set_start_transaction_details — transaction start details inserted successfully
2021-10-08 17:40:11,426 — state_helper — DEBUG -parse_status — ***Transaction Ongoing on Nozzle  1***
2021-10-08 17:40:11,707 — state_helper — DEBUG -parse_status — ***Transaction Ongoing on Nozzle  1***
2021-10-08 17:40:11,982 — state_helper — DEBUG -parse_status — ***Transaction Ongoing on Nozzle  1***
2021-10-08 17:40:12,257 — state_helper — DEBUG -parse_status — ***Transaction Ongoing on Nozzle  1***
2021-10-08 17:40:12,533 — state_helper — DEBUG -parse_status — ***Transaction Ongoing on Nozzle  1***
2021-10-08 17:40:12,808 — state_helper — DEBUG -parse_status — ***Transaction Ongoing on Nozzle  1***
2021-10-08 17:40:13,083 — state_helper — DEBUG -parse_status — ***Transaction Ongoing on Nozzle  1***
2021-10-08 17:40:13,359 — state_helper — DEBUG -parse_status — ***Transaction Ongoing on Nozzle  1***
2021-10-08 17:40:13,634 — state_helper — DEBUG -parse_status — ***Transaction Ongoing on Nozzle  1***
2021-10-08 17:40:13,910 — state_helper — DEBUG -parse_status — ***Transaction Ongoing on Nozzle  1***
2021-10-08 17:40:14,185 — state_helper — DEBUG -parse_status — ***Transaction Ongoing on Nozzle  1***
2021-10-08 17:40:14,460 — state_helper — DEBUG -parse_status — ***Transaction Ongoing on Nozzle  1***
2021-10-08 17:40:14,736 — state_helper — DEBUG -parse_status — ***Transaction Ongoing on Nozzle  1***
2021-10-08 17:40:15,011 — state_helper — DEBUG -parse_status — ***Transaction Ongoing on Nozzle  1***
2021-10-08 17:40:15,286 — state_helper — DEBUG -parse_status — ***Transaction Ongoing on Nozzle  1***
2021-10-08 17:40:15,562 — state_helper — DEBUG -parse_status — ***Transaction Ongoing on Nozzle  1***
2021-10-08 17:40:15,837 — state_helper — DEBUG -parse_status — ***Transaction Ongoing on Nozzle  1***
2021-10-08 17:40:16,112 — state_helper — DEBUG -parse_status — ***Transaction Ongoing on Nozzle  1***
2021-10-08 17:40:16,388 — state_helper — DEBUG -parse_status — ***Transaction Ongoing on Nozzle  1***
2021-10-08 17:40:16,663 — state_helper — DEBUG -parse_status — ***Transaction Ongoing on Nozzle  1***
2021-10-08 17:40:16,939 — state_helper — DEBUG -parse_status — ***Transaction Ongoing on Nozzle  1***
2021-10-08 17:40:17,214 — state_helper — DEBUG -parse_status — ***Transaction Ongoing on Nozzle  1***
2021-10-08 17:40:17,498 — state_helper — DEBUG -parse_status — ***Transaction Ongoing on Nozzle  1***
2021-10-08 17:40:17,775 — state_helper — DEBUG -parse_status — ***Transaction Ongoing on Nozzle  1***
2021-10-08 17:40:18,053 — state_helper — DEBUG -parse_status — ***Transaction Ongoing on Nozzle  1***
2021-10-08 17:40:18,330 — state_helper — DEBUG -parse_status — ***Transaction Ongoing on Nozzle  1***
2021-10-08 17:40:18,607 — state_helper — DEBUG -parse_status — ***Transaction Ongoing on Nozzle  1***
2021-10-08 17:40:18,884 — state_helper — DEBUG -parse_status — ***Transaction Ongoing on Nozzle  1***
2021-10-08 17:40:19,160 — state_helper — DEBUG -parse_status — ***Transaction Ongoing on Nozzle  1***
2021-10-08 17:40:19,438 — state_helper — DEBUG -parse_status — ***Transaction Ongoing on Nozzle  1***
2021-10-08 17:40:19,715 — state_helper — DEBUG -parse_status — ***Transaction Ongoing on Nozzle  1***
2021-10-08 17:40:19,991 — state_helper — DEBUG -parse_status — ***Transaction Ongoing on Nozzle  1***
2021-10-08 17:40:20,268 — state_helper — DEBUG -parse_status — ***Transaction Ongoing on Nozzle  1***
2021-10-08 17:40:20,544 — state_helper — DEBUG -parse_status — ***Transaction Ongoing on Nozzle  1***
2021-10-08 17:40:20,820 — state_helper — DEBUG -parse_status — ***Transaction Ongoing on Nozzle  1***
2021-10-08 17:40:21,096 — state_helper — DEBUG -parse_status — ***Transaction Ongoing on Nozzle  1***
2021-10-08 17:40:21,372 — state_helper — DEBUG -parse_status — ***Transaction Ongoing on Nozzle  1***
2021-10-08 17:40:21,648 — state_helper — DEBUG -parse_status — ***Transaction Ongoing on Nozzle  1***
2021-10-08 17:40:21,924 — state_helper — DEBUG -parse_status — ***Transaction Ongoing on Nozzle  1***
2021-10-08 17:40:22,200 — state_helper — DEBUG -parse_status — ***Transaction Ongoing on Nozzle  1***
2021-10-08 17:40:22,476 — state_helper — DEBUG -parse_status — ***Transaction Ongoing on Nozzle  1***
2021-10-08 17:40:22,760 — state_helper — DEBUG -parse_status — ***Transaction Ongoing on Nozzle  1***
2021-10-08 17:40:23,043 — state_helper — DEBUG -parse_status — ***Transaction Ongoing on Nozzle  1***
2021-10-08 17:40:23,319 — state_helper — DEBUG -parse_status — ***Transaction Ongoing on Nozzle  1***
2021-10-08 17:40:23,595 — state_helper — DEBUG -parse_status — ***Transaction Ongoing on Nozzle  1***
2021-10-08 17:40:23,871 — state_helper — DEBUG -parse_status — ***Transaction Ongoing on Nozzle  1***
2021-10-08 17:40:24,146 — state_helper — DEBUG -parse_status — ***Transaction Ongoing on Nozzle  1***
2021-10-08 17:40:24,422 — state_helper — DEBUG -parse_status — ***Transaction Ongoing on Nozzle  1***
2021-10-08 17:40:24,698 — state_helper — DEBUG -parse_status — ***Transaction Ongoing on Nozzle  1***
2021-10-08 17:40:24,973 — state_helper — DEBUG -parse_status — ***Transaction Ongoing on Nozzle  1***
2021-10-08 17:40:25,249 — state_helper — DEBUG -parse_status — ***Transaction Ongoing on Nozzle  1***
2021-10-08 17:40:25,525 — state_helper — DEBUG -parse_status — ***Transaction Ongoing on Nozzle  1***
2021-10-08 17:40:25,807 — state_helper — DEBUG -parse_status — ***Transaction Ongoing on Nozzle  1***
2021-10-08 17:40:26,082 — state_helper — DEBUG -parse_status — ***Transaction Ongoing on Nozzle  1***
2021-10-08 17:40:26,358 — state_helper — DEBUG -parse_status — ***Transaction Ongoing on Nozzle  1***
2021-10-08 17:40:26,633 — state_helper — DEBUG -parse_status — ***Transaction Ongoing on Nozzle  1***
2021-10-08 17:40:26,908 — state_helper — DEBUG -parse_status — ***Transaction Ongoing on Nozzle  1***
2021-10-08 17:40:27,184 — state_helper — DEBUG -parse_status — ***Transaction Ongoing on Nozzle  1***
2021-10-08 17:40:27,459 — state_helper — DEBUG -parse_status — ***Transaction Ongoing on Nozzle  1***
2021-10-08 17:40:27,734 — state_helper — DEBUG -parse_status — ***Transaction Ongoing on Nozzle  1***
2021-10-08 17:40:28,009 — state_helper — DEBUG -parse_status — ***Transaction Ongoing on Nozzle  1***
2021-10-08 17:40:28,285 — state_helper — DEBUG -parse_status — ***Transaction Ongoing on Nozzle  1***
2021-10-08 17:40:28,560 — state_helper — DEBUG -parse_status — ***Transaction Ongoing on Nozzle  1***
2021-10-08 17:40:28,836 — state_helper — DEBUG -parse_status — ***Transaction Ongoing on Nozzle  1***
2021-10-08 17:40:29,112 — state_helper — DEBUG -parse_status — ***Transaction Ongoing on Nozzle  1***
2021-10-08 17:40:29,388 — state_helper — DEBUG -parse_status — ***Transaction Ongoing on Nozzle  1***
2021-10-08 17:40:29,663 — state_helper — DEBUG -parse_status — ***Transaction ended on Nozzle  1***
2021-10-08 17:40:29,808 — state_helper — DEBUG -end_transaction_details — start totalizer is: 2396505.0 while current totalizer is: 2398652.0 at 2021-10-08 17:40:29
2021-10-08 17:40:29,810 — gvr_frontier — DEBUG -get_transaction_details — transaction details hex code sent is: 65
2021-10-08 17:40:29,951 — gvr_frontier — DEBUG -get_transaction_details — transaction details response is: b'\xff\xf3\xf8\xeb\xe0\xe0\xe0\xe0\xf6\xe0\xf4\xf7\xe0\xe2\xe6\xe1\xf9\xe0\xe7\xe4\xe1\xe2\xe0\xfa\xe1\xe8\xe7\xe4\xe3\xe0\xfb\xee\xf0'
2021-10-08 17:40:29,953 — gvr_frontier — DEBUG -get_transaction_details — transaction details is: nozzle: 1 money: 34781.0 volume: 21470.0 ppu: 1620.0 read_at: 2021-10-08 17:40:29
2021-10-08 17:40:29,983 — services — DEBUG -set_end_transaction_details — transaction end details inserted successfully
2021-10-08 17:41:37,659 — state_helper — DEBUG -parse_status — *** Nozzle 1 lifted up***
2021-10-08 17:41:37,823 — services — DEBUG -set_start_transaction_details — transaction start details inserted successfully
2021-10-08 17:41:39,212 — state_helper — DEBUG -parse_status — ***Transaction Ongoing on Nozzle  1***
2021-10-08 17:41:39,494 — state_helper — DEBUG -parse_status — ***Transaction Ongoing on Nozzle  1***
2021-10-08 17:41:39,774 — state_helper — DEBUG -parse_status — ***Transaction Ongoing on Nozzle  1***
2021-10-08 17:41:40,055 — state_helper — DEBUG -parse_status — ***Transaction Ongoing on Nozzle  1***
2021-10-08 17:41:40,335 — state_helper — DEBUG -parse_status — ***Transaction Ongoing on Nozzle  1***
2021-10-08 17:41:40,615 — state_helper — DEBUG -parse_status — ***Transaction Ongoing on Nozzle  1***
2021-10-08 17:41:40,894 — state_helper — DEBUG -parse_status — ***Transaction Ongoing on Nozzle  1***
2021-10-08 17:41:41,173 — state_helper — DEBUG -parse_status — ***Transaction Ongoing on Nozzle  1***
2021-10-08 17:41:41,456 — state_helper — DEBUG -parse_status — ***Transaction Ongoing on Nozzle  1***
2021-10-08 17:41:41,736 — state_helper — DEBUG -parse_status — ***Transaction Ongoing on Nozzle  1***
2021-10-08 17:41:42,015 — state_helper — DEBUG -parse_status — ***Transaction Ongoing on Nozzle  1***
2021-10-08 17:41:42,294 — state_helper — DEBUG -parse_status — ***Transaction Ongoing on Nozzle  1***
2021-10-08 17:41:42,574 — state_helper — DEBUG -parse_status — ***Transaction Ongoing on Nozzle  1***
2021-10-08 17:41:42,853 — state_helper — DEBUG -parse_status — ***Transaction Ongoing on Nozzle  1***
2021-10-08 17:41:43,132 — state_helper — DEBUG -parse_status — ***Transaction Ongoing on Nozzle  1***
2021-10-08 17:41:43,413 — state_helper — DEBUG -parse_status — ***Transaction Ongoing on Nozzle  1***
2021-10-08 17:41:43,694 — state_helper — DEBUG -parse_status — ***Transaction Ongoing on Nozzle  1***
2021-10-08 17:41:43,974 — state_helper — DEBUG -parse_status — ***Transaction Ongoing on Nozzle  1***
2021-10-08 17:41:44,255 — state_helper — DEBUG -parse_status — ***Transaction Ongoing on Nozzle  1***
2021-10-08 17:41:44,528 — state_helper — DEBUG -parse_status — ***Transaction Ongoing on Nozzle  1***
2021-10-08 17:41:44,801 — state_helper — DEBUG -parse_status — ***Transaction Ongoing on Nozzle  1***
2021-10-08 17:41:45,078 — state_helper — DEBUG -parse_status — ***Transaction Ongoing on Nozzle  1***
2021-10-08 17:41:45,358 — state_helper — DEBUG -parse_status — ***Transaction Ongoing on Nozzle  1***
2021-10-08 17:41:45,640 — state_helper — DEBUG -parse_status — ***Transaction Ongoing on Nozzle  1***
2021-10-08 17:41:45,921 — state_helper — DEBUG -parse_status — ***Transaction Ongoing on Nozzle  1***
2021-10-08 17:41:46,202 — state_helper — DEBUG -parse_status — ***Transaction Ongoing on Nozzle  1***
2021-10-08 17:41:46,483 — state_helper — DEBUG -parse_status — ***Transaction Ongoing on Nozzle  1***
2021-10-08 17:41:46,765 — state_helper — DEBUG -parse_status — ***Transaction Ongoing on Nozzle  1***
2021-10-08 17:41:47,054 — state_helper — DEBUG -parse_status — ***Transaction Ongoing on Nozzle  1***
2021-10-08 17:41:47,331 — state_helper — DEBUG -parse_status — ***Transaction Ongoing on Nozzle  1***
2021-10-08 17:41:47,604 — state_helper — DEBUG -parse_status — ***Transaction Ongoing on Nozzle  1***
2021-10-08 17:41:47,878 — state_helper — DEBUG -parse_status — ***Transaction Ongoing on Nozzle  1***
2021-10-08 17:41:48,157 — state_helper — DEBUG -parse_status — ***Transaction Ongoing on Nozzle  1***
2021-10-08 17:41:48,437 — state_helper — DEBUG -parse_status — ***Transaction Ongoing on Nozzle  1***
2021-10-08 17:41:48,717 — state_helper — DEBUG -parse_status — ***Transaction Ongoing on Nozzle  1***
2021-10-08 17:41:49,000 — state_helper — DEBUG -parse_status — ***Transaction Ongoing on Nozzle  1***
2021-10-08 17:41:49,283 — state_helper — DEBUG -parse_status — ***Transaction Ongoing on Nozzle  1***
2021-10-08 17:41:49,571 — state_helper — DEBUG -parse_status — ***Transaction Ongoing on Nozzle  1***
2021-10-08 17:41:49,845 — state_helper — DEBUG -parse_status — ***Transaction Ongoing on Nozzle  1***
2021-10-08 17:41:50,120 — state_helper — DEBUG -parse_status — ***Transaction Ongoing on Nozzle  1***
2021-10-08 17:41:50,399 — state_helper — DEBUG -parse_status — ***Transaction Ongoing on Nozzle  1***
2021-10-08 17:41:50,678 — state_helper — DEBUG -parse_status — ***Transaction Ongoing on Nozzle  1***
2021-10-08 17:41:50,958 — state_helper — DEBUG -parse_status — ***Transaction Ongoing on Nozzle  1***
2021-10-08 17:41:51,237 — state_helper — DEBUG -parse_status — ***Transaction Ongoing on Nozzle  1***
2021-10-08 17:41:51,517 — state_helper — DEBUG -parse_status — ***Transaction Ongoing on Nozzle  1***
2021-10-08 17:41:51,798 — state_helper — DEBUG -parse_status — ***Transaction Ongoing on Nozzle  1***
2021-10-08 17:41:52,077 — state_helper — DEBUG -parse_status — ***Transaction Ongoing on Nozzle  1***
2021-10-08 17:41:52,358 — state_helper — DEBUG -parse_status — ***Transaction Ongoing on Nozzle  1***
2021-10-08 17:41:52,638 — state_helper — DEBUG -parse_status — ***Transaction Ongoing on Nozzle  1***
2021-10-08 17:41:52,913 — state_helper — DEBUG -parse_status — ***Transaction Ongoing on Nozzle  1***
2021-10-08 17:41:53,185 — state_helper — DEBUG -parse_status — ***Transaction Ongoing on Nozzle  1***
2021-10-08 17:41:53,458 — state_helper — DEBUG -parse_status — ***Transaction Ongoing on Nozzle  1***
2021-10-08 17:41:53,736 — state_helper — DEBUG -parse_status — ***Transaction Ongoing on Nozzle  1***
2021-10-08 17:41:54,015 — state_helper — DEBUG -parse_status — ***Transaction Ongoing on Nozzle  1***
2021-10-08 17:41:54,295 — state_helper — DEBUG -parse_status — ***Transaction Ongoing on Nozzle  1***
2021-10-08 17:41:54,574 — state_helper — DEBUG -parse_status — ***Transaction Ongoing on Nozzle  1***
2021-10-08 17:41:54,853 — state_helper — DEBUG -parse_status — ***Transaction Ongoing on Nozzle  1***
2021-10-08 17:41:55,140 — state_helper — DEBUG -parse_status — ***Transaction Ongoing on Nozzle  1***
2021-10-08 17:41:55,419 — state_helper — DEBUG -parse_status — ***Transaction Ongoing on Nozzle  1***
2021-10-08 17:41:55,699 — state_helper — DEBUG -parse_status — ***Transaction Ongoing on Nozzle  1***
2021-10-08 17:41:55,982 — state_helper — DEBUG -parse_status — ***Transaction ended on Nozzle  1***
2021-10-08 17:41:56,131 — state_helper — DEBUG -end_transaction_details — start totalizer is: 2398652.0 while current totalizer is: 2400532.0 at 2021-10-08 17:41:56
2021-10-08 17:41:56,133 — gvr_frontier — DEBUG -get_transaction_details — transaction details hex code sent is: 65
2021-10-08 17:41:56,277 — gvr_frontier — DEBUG -get_transaction_details — transaction details response is: b'\xff\xf3\xf8\xeb\xe0\xe0\xe0\xe0\xf6\xe0\xf4\xf7\xe0\xe2\xe6\xe1\xf9\xe0\xe0\xe8\xe8\xe1\xe0\xfa\xe6\xe5\xe4\xe0\xe3\xe0\xfb\xe0\xf0'
2021-10-08 17:41:56,280 — gvr_frontier — DEBUG -get_transaction_details — transaction details is: nozzle: 1 money: 30456.0 volume: 18800.0 ppu: 1620.0 read_at: 2021-10-08 17:41:56
2021-10-08 17:41:56,306 — services — DEBUG -set_end_transaction_details — transaction end details inserted successfully
2021-10-08 17:42:18,453 — state_helper — DEBUG -parse_status — *** Nozzle 1 lifted up***
2021-10-08 17:42:18,608 — services — DEBUG -set_start_transaction_details — transaction start details inserted successfully
2021-10-08 17:42:20,004 — state_helper — DEBUG -parse_status — ***Transaction Ongoing on Nozzle  1***
2021-10-08 17:42:20,286 — state_helper — DEBUG -parse_status — ***Transaction Ongoing on Nozzle  1***
2021-10-08 17:42:20,567 — state_helper — DEBUG -parse_status — ***Transaction Ongoing on Nozzle  1***
2021-10-08 17:42:20,845 — state_helper — DEBUG -parse_status — ***Transaction Ongoing on Nozzle  1***
2021-10-08 17:42:21,124 — state_helper — DEBUG -parse_status — ***Transaction Ongoing on Nozzle  1***
2021-10-08 17:42:21,406 — state_helper — DEBUG -parse_status — ***Transaction Ongoing on Nozzle  1***
2021-10-08 17:42:21,685 — state_helper — DEBUG -parse_status — ***Transaction Ongoing on Nozzle  1***
2021-10-08 17:42:21,963 — state_helper — DEBUG -parse_status — ***Transaction Ongoing on Nozzle  1***
2021-10-08 17:42:22,236 — state_helper — DEBUG -parse_status — ***Transaction Ongoing on Nozzle  1***
2021-10-08 17:42:22,509 — state_helper — DEBUG -parse_status — ***Transaction Ongoing on Nozzle  1***
2021-10-08 17:42:22,787 — state_helper — DEBUG -parse_status — ***Transaction Ongoing on Nozzle  1***
2021-10-08 17:42:23,067 — state_helper — DEBUG -parse_status — ***Transaction Ongoing on Nozzle  1***
2021-10-08 17:42:23,346 — state_helper — DEBUG -parse_status — ***Transaction Ongoing on Nozzle  1***
2021-10-08 17:42:23,624 — state_helper — DEBUG -parse_status — ***Transaction Ongoing on Nozzle  1***
2021-10-08 17:42:23,897 — state_helper — DEBUG -parse_status — ***Transaction Ongoing on Nozzle  1***
2021-10-08 17:42:24,169 — state_helper — DEBUG -parse_status — ***Transaction Ongoing on Nozzle  1***
2021-10-08 17:42:24,448 — state_helper — DEBUG -parse_status — ***Transaction Ongoing on Nozzle  1***
2021-10-08 17:42:24,729 — state_helper — DEBUG -parse_status — ***Transaction Ongoing on Nozzle  1***
2021-10-08 17:42:25,009 — state_helper — DEBUG -parse_status — ***Transaction Ongoing on Nozzle  1***
2021-10-08 17:42:25,290 — state_helper — DEBUG -parse_status — ***Transaction Ongoing on Nozzle  1***
2021-10-08 17:42:25,572 — state_helper — DEBUG -parse_status — ***Transaction Ongoing on Nozzle  1***
2021-10-08 17:42:25,853 — state_helper — DEBUG -parse_status — ***Transaction Ongoing on Nozzle  1***
2021-10-08 17:42:26,133 — state_helper — DEBUG -parse_status — ***Transaction Ongoing on Nozzle  1***
2021-10-08 17:42:26,416 — state_helper — DEBUG -parse_status — ***Transaction Ongoing on Nozzle  1***
2021-10-08 17:42:26,702 — state_helper — DEBUG -parse_status — ***Transaction Ongoing on Nozzle  1***
2021-10-08 17:42:26,978 — state_helper — DEBUG -parse_status — ***Transaction Ongoing on Nozzle  1***
2021-10-08 17:42:27,255 — state_helper — DEBUG -parse_status — ***Transaction Ongoing on Nozzle  1***
2021-10-08 17:42:27,535 — state_helper — DEBUG -parse_status — ***Transaction Ongoing on Nozzle  1***
2021-10-08 17:42:27,816 — state_helper — DEBUG -parse_status — ***Transaction Ongoing on Nozzle  1***
2021-10-08 17:42:28,096 — state_helper — DEBUG -parse_status — ***Transaction Ongoing on Nozzle  1***
2021-10-08 17:42:28,376 — state_helper — DEBUG -parse_status — ***Transaction Ongoing on Nozzle  1***
2021-10-08 17:42:28,655 — state_helper — DEBUG -parse_status — ***Transaction Ongoing on Nozzle  1***
2021-10-08 17:42:28,930 — state_helper — DEBUG -parse_status — ***Transaction Ongoing on Nozzle  1***
2021-10-08 17:42:29,203 — state_helper — DEBUG -parse_status — ***Transaction Ongoing on Nozzle  1***
2021-10-08 17:42:29,481 — state_helper — DEBUG -parse_status — ***Transaction Ongoing on Nozzle  1***
2021-10-08 17:42:29,761 — state_helper — DEBUG -parse_status — ***Transaction Ongoing on Nozzle  1***
2021-10-08 17:42:30,041 — state_helper — DEBUG -parse_status — ***Transaction Ongoing on Nozzle  1***
2021-10-08 17:42:30,321 — state_helper — DEBUG -parse_status — ***Transaction Ongoing on Nozzle  1***
2021-10-08 17:42:30,600 — state_helper — DEBUG -parse_status — ***Transaction Ongoing on Nozzle  1***
2021-10-08 17:42:30,879 — state_helper — DEBUG -parse_status — ***Transaction Ongoing on Nozzle  1***
2021-10-08 17:42:31,158 — state_helper — DEBUG -parse_status — ***Transaction Ongoing on Nozzle  1***
2021-10-08 17:42:31,438 — state_helper — DEBUG -parse_status — ***Transaction ended on Nozzle  1***
2021-10-08 17:42:31,585 — state_helper — DEBUG -end_transaction_details — start totalizer is: 2400532.0 while current totalizer is: 2401594.0 at 2021-10-08 17:42:31
2021-10-08 17:42:31,587 — gvr_frontier — DEBUG -get_transaction_details — transaction details hex code sent is: 65
2021-10-08 17:42:31,731 — gvr_frontier — DEBUG -get_transaction_details — transaction details response is: b'\xff\xf3\xf8\xeb\xe0\xe0\xe0\xe0\xf6\xe0\xf4\xf7\xe0\xe2\xe6\xe1\xf9\xe0\xe2\xe6\xe0\xe1\xe0\xfa\xe4\xe0\xe2\xe7\xe1\xe0\xfb\xec\xf0'
2021-10-08 17:42:31,735 — gvr_frontier — DEBUG -get_transaction_details — transaction details is: nozzle: 1 money: 17204.0 volume: 10620.0 ppu: 1620.0 read_at: 2021-10-08 17:42:31
2021-10-08 17:42:31,763 — services — DEBUG -set_end_transaction_details — transaction end details inserted successfully
